<?xml version="1.0" encoding="UTF-8"?>
<testng-results skipped="0" failed="0" total="1" passed="1">
  <reporter-output>
  </reporter-output>
  <suite name="Suite" duration-ms="30480" started-at="2021-04-24T13:48:46Z" finished-at="2021-04-24T13:49:16Z">
    <groups>
      <group name="cucumber">
        <method signature="AbstractTestNGCucumberTests.feature(cucumber.api.testng.CucumberFeatureWrapper)[pri:0, instance:runner.RunCuke@39c0f4a]" name="feature" class="cucumber.api.testng.AbstractTestNGCucumberTests"/>
      </group> <!-- cucumber -->
    </groups>
    <test name="Test" duration-ms="30480" started-at="2021-04-24T13:48:46Z" finished-at="2021-04-24T13:49:16Z">
      <class name="runner.RunCuke">
        <test-method status="PASS" signature="setUpClass()[pri:0, instance:runner.RunCuke@39c0f4a]" name="setUpClass" is-config="true" duration-ms="402" started-at="2021-04-24T19:18:46Z" finished-at="2021-04-24T19:18:46Z">
          <reporter-output>
          </reporter-output>
        </test-method> <!-- setUpClass -->
        <test-method status="PASS" signature="setup()[pri:0, instance:runner.RunCuke@39c0f4a]" name="setup" is-config="true" duration-ms="285" started-at="2021-04-24T19:18:46Z" finished-at="2021-04-24T19:18:46Z">
          <reporter-output>
          </reporter-output>
        </test-method> <!-- setup -->
        <test-method status="PASS" signature="feature(cucumber.api.testng.CucumberFeatureWrapper)[pri:0, instance:runner.RunCuke@39c0f4a]" name="feature" duration-ms="29340" started-at="2021-04-24T19:18:47Z" description="Runs Cucumber Feature" data-provider="features" finished-at="2021-04-24T19:19:16Z">
          <params>
            <param index="0">
              <value>
                <![CDATA[Feature to validate basic functionalities are working fine]]>
              </value>
            </param>
          </params>
          <reporter-output>
          </reporter-output>
        </test-method> <!-- feature -->
        <test-method status="PASS" signature="tearDownClass()[pri:0, instance:runner.RunCuke@39c0f4a]" name="tearDownClass" is-config="true" duration-ms="98" started-at="2021-04-24T19:19:16Z" finished-at="2021-04-24T19:19:16Z">
          <reporter-output>
          </reporter-output>
        </test-method> <!-- tearDownClass -->
      </class> <!-- runner.RunCuke -->
    </test> <!-- Test -->
  </suite> <!-- Suite -->
</testng-results>
